<?xml version="1.0" encoding="UTF-8"?>
<testsuite name="utils.JsonUtilsTest" tests="2" skipped="0" failures="0" errors="0" timestamp="2018-05-31T06:45:28" hostname="IND-CHN-Devashish-Sood.local" time="0.03">
  <properties/>
  <testcase name="shouldDeserializeFromJSON" classname="utils.JsonUtilsTest" time="0.028"/>
  <testcase name="shouldSerializeToJSON" classname="utils.JsonUtilsTest" time="0.002"/>
  <system-out><![CDATA[]]></system-out>
  <system-err><![CDATA[]]></system-err>
</testsuite>
