<?xml version="1.0" encoding="UTF-8"?>
<testsuite name="utils.SignatureUtilsTest" tests="3" skipped="0" failures="0" errors="0" timestamp="2018-05-31T06:45:28" hostname="IND-CHN-Devashish-Sood.local" time="0.037">
  <properties/>
  <testcase name="shouldGenerateUniqueSignatures" classname="utils.SignatureUtilsTest" time="0.018"/>
  <testcase name="shouldFailOnIncorrectSignatureOrMessageOrPubKey" classname="utils.SignatureUtilsTest" time="0.014"/>
  <testcase name="shouldGenerateSignatureAndVerify" classname="utils.SignatureUtilsTest" time="0.004"/>
  <system-out><![CDATA[]]></system-out>
  <system-err><![CDATA[]]></system-err>
</testsuite>
